{
  "stats": {
    "suites": 1,
    "tests": 6,
    "passes": 6,
    "pending": 0,
    "failures": 0,
    "start": "2026-03-07T08:38:12.833Z",
    "end": "2026-03-07T08:38:12.853Z",
    "duration": 20,
    "testsRegistered": 6,
    "passPercent": 100,
    "pendingPercent": 0,
    "other": 0,
    "hasOther": false,
    "skipped": 0,
    "hasSkipped": false
  },
  "results": [
    {
      "uuid": "a7e5b7f6-a2ac-475f-b75d-d19812a34e9c",
      "title": "",
      "fullFile": "C:\\Users\\Andreia\\OneDrive\\MentorshipSoftwareTesting\\Projetos\\contact-management-tests\\tests\\contactManagement.test.js",
      "file": "\\tests\\contactManagement.test.js",
      "beforeHooks": [],
      "afterHooks": [],
      "tests": [],
      "suites": [
        {
          "uuid": "ad6abb4a-66ee-41cd-aab2-8f81e6322ab3",
          "title": "Contact Management Module Tests",
          "fullFile": "C:\\Users\\Andreia\\OneDrive\\MentorshipSoftwareTesting\\Projetos\\contact-management-tests\\tests\\contactManagement.test.js",
          "file": "\\tests\\contactManagement.test.js",
          "beforeHooks": [],
          "afterHooks": [],
          "tests": [
            {
              "title": "Should add a new contact",
              "fullTitle": "Contact Management Module Tests Should add a new contact",
              "timedOut": false,
              "duration": 13,
              "state": "passed",
              "speed": "fast",
              "pass": true,
              "fail": false,
              "pending": false,
              "context": null,
              "code": "const lastAddedContact = addContact(\"Edna\", 12345);\nassert.deepEqual(lastAddedContact, {\n  name: \"Edna\",\n  phone: 12345,\n});",
              "err": {},
              "uuid": "9cffde96-db53-48c1-9eb3-1758c050ea65",
              "parentUUID": "ad6abb4a-66ee-41cd-aab2-8f81e6322ab3",
              "isHook": false,
              "skipped": false
            },
            {
              "title": "Should show the added contact in the list",
              "fullTitle": "Contact Management Module Tests Should show the added contact in the list",
              "timedOut": false,
              "duration": 0,
              "state": "passed",
              "speed": "fast",
              "pass": true,
              "fail": false,
              "pending": false,
              "context": null,
              "code": "const list = listContacts();\nassert.ok(list.includes(\"Contacts: Edna / Telephone: 12345\"));",
              "err": {},
              "uuid": "9dddb826-8ce9-40f0-a0b1-a651b5826a1b",
              "parentUUID": "ad6abb4a-66ee-41cd-aab2-8f81e6322ab3",
              "isHook": false,
              "skipped": false
            },
            {
              "title": "Should find a contact by name",
              "fullTitle": "Contact Management Module Tests Should find a contact by name",
              "timedOut": false,
              "duration": 0,
              "state": "passed",
              "speed": "fast",
              "pass": true,
              "fail": false,
              "pending": false,
              "context": null,
              "code": "const contact = findContactByName(\"Police\");\nassert.deepEqual(contact, {\n  name: \"Police\",\n  phone: 190,\n});",
              "err": {},
              "uuid": "8b14429d-41c6-4723-ac60-34641b1574a0",
              "parentUUID": "ad6abb4a-66ee-41cd-aab2-8f81e6322ab3",
              "isHook": false,
              "skipped": false
            },
            {
              "title": "Should remove a contact",
              "fullTitle": "Contact Management Module Tests Should remove a contact",
              "timedOut": false,
              "duration": 0,
              "state": "passed",
              "speed": "fast",
              "pass": true,
              "fail": false,
              "pending": false,
              "context": null,
              "code": "const removedContact = removeContact(\"SAMU\");\nassert.deepEqual(removedContact, {\n  name: \"SAMU\",\n  phone: 192,\n});",
              "err": {},
              "uuid": "7796bcca-949d-4035-83e4-748cc7809606",
              "parentUUID": "ad6abb4a-66ee-41cd-aab2-8f81e6322ab3",
              "isHook": false,
              "skipped": false
            },
            {
              "title": "Should update the phone number",
              "fullTitle": "Contact Management Module Tests Should update the phone number",
              "timedOut": false,
              "duration": 1,
              "state": "passed",
              "speed": "fast",
              "pass": true,
              "fail": false,
              "pending": false,
              "context": null,
              "code": "const updatedContact = updatePhone(\"Police\", 999);\nassert.deepEqual(updatedContact, {\n  name: \"Police\",\n  phone: 999,\n});",
              "err": {},
              "uuid": "69048bdb-c68a-4335-9eb3-e118d335d287",
              "parentUUID": "ad6abb4a-66ee-41cd-aab2-8f81e6322ab3",
              "isHook": false,
              "skipped": false
            },
            {
              "title": "Should count the contacts",
              "fullTitle": "Contact Management Module Tests Should count the contacts",
              "timedOut": false,
              "duration": 0,
              "state": "passed",
              "speed": "fast",
              "pass": true,
              "fail": false,
              "pending": false,
              "context": null,
              "code": "const total = countContacts();\nassert.equal(total, 3);",
              "err": {},
              "uuid": "0f3ebba9-5a5f-4010-8fe6-81221132d4ac",
              "parentUUID": "ad6abb4a-66ee-41cd-aab2-8f81e6322ab3",
              "isHook": false,
              "skipped": false
            }
          ],
          "suites": [],
          "passes": [
            "9cffde96-db53-48c1-9eb3-1758c050ea65",
            "9dddb826-8ce9-40f0-a0b1-a651b5826a1b",
            "8b14429d-41c6-4723-ac60-34641b1574a0",
            "7796bcca-949d-4035-83e4-748cc7809606",
            "69048bdb-c68a-4335-9eb3-e118d335d287",
            "0f3ebba9-5a5f-4010-8fe6-81221132d4ac"
          ],
          "failures": [],
          "pending": [],
          "skipped": [],
          "duration": 14,
          "root": false,
          "rootEmpty": false,
          "_timeout": 2000
        }
      ],
      "passes": [],
      "failures": [],
      "pending": [],
      "skipped": [],
      "duration": 0,
      "root": true,
      "rootEmpty": true,
      "_timeout": 2000
    }
  ],
  "meta": {
    "mocha": {
      "version": "11.7.5"
    },
    "mochawesome": {
      "options": {
        "quiet": false,
        "reportFilename": "mochawesome",
        "saveHtml": true,
        "saveJson": true,
        "consoleReporter": "spec",
        "useInlineDiffs": false,
        "code": true
      },
      "version": "7.1.4"
    },
    "marge": {
      "options": null,
      "version": "6.3.2"
    }
  }
}